<?xml version="1.0" encoding="UTF-8"?>
<testng-results ignored="0" total="1" passed="1" failed="0" skipped="0">
  <reporter-output>
  </reporter-output>
  <suite started-at="2023-04-10T12:08:25 IST" name="Default suite" finished-at="2023-04-10T12:09:41 IST" duration-ms="76652">
    <groups>
    </groups>
    <test started-at="2023-04-10T12:08:25 IST" name="Default test" finished-at="2023-04-10T12:09:41 IST" duration-ms="76652">
      <class name="COM.IRCTC.TESTpackage.Scenario2">
        <test-method is-config="true" signature="setup()[pri:0, instance:COM.IRCTC.TESTpackage.Scenario2@3738449f]" started-at="2023-04-10T12:08:25 IST" name="setup" finished-at="2023-04-10T12:08:36 IST" duration-ms="10807" status="PASS">
          <reporter-output>
          </reporter-output>
        </test-method> <!-- setup -->
        <test-method signature="VerifyScenario2()[pri:0, instance:COM.IRCTC.TESTpackage.Scenario2@3738449f]" started-at="2023-04-10T12:08:36 IST" name="VerifyScenario2" finished-at="2023-04-10T12:09:41 IST" duration-ms="65801" status="PASS">
          <reporter-output>
          </reporter-output>
        </test-method> <!-- VerifyScenario2 -->
        <test-method is-config="true" signature="teardown()[pri:0, instance:COM.IRCTC.TESTpackage.Scenario2@3738449f]" started-at="2023-04-10T12:09:41 IST" name="teardown" finished-at="2023-04-10T12:09:41 IST" duration-ms="0" status="PASS">
          <reporter-output>
          </reporter-output>
        </test-method> <!-- teardown -->
      </class> <!-- COM.IRCTC.TESTpackage.Scenario2 -->
    </test> <!-- Default test -->
  </suite> <!-- Default suite -->
</testng-results>
