<?xml version="1.0" encoding="UTF-8"?>
<testng-results ignored="0" total="2" passed="2" failed="0" skipped="0">
  <reporter-output>
  </reporter-output>
  <suite started-at="2023-04-09T14:33:59 IST" name="Suite" finished-at="2023-04-09T14:35:34 IST" duration-ms="95591">
    <groups>
    </groups>
    <test started-at="2023-04-09T14:33:59 IST" name="Test" finished-at="2023-04-09T14:35:34 IST" duration-ms="95591">
      <class name="COM.IRCTC.TESTpackage.Scenario2">
        <test-method is-config="true" signature="setup()[pri:0, instance:COM.IRCTC.TESTpackage.Scenario2@3059cbc]" started-at="2023-04-09T14:34:26 IST" name="setup" finished-at="2023-04-09T14:34:32 IST" duration-ms="6445" status="PASS">
          <reporter-output>
          </reporter-output>
        </test-method> <!-- setup -->
        <test-method signature="VerifyScenario1()[pri:0, instance:COM.IRCTC.TESTpackage.Scenario2@3059cbc]" started-at="2023-04-09T14:34:32 IST" name="VerifyScenario1" finished-at="2023-04-09T14:35:34 IST" duration-ms="61713" status="PASS">
          <reporter-output>
          </reporter-output>
        </test-method> <!-- VerifyScenario1 -->
        <test-method is-config="true" signature="teardown()[pri:0, instance:COM.IRCTC.TESTpackage.Scenario2@3059cbc]" started-at="2023-04-09T14:35:34 IST" name="teardown" finished-at="2023-04-09T14:35:34 IST" duration-ms="294" status="PASS">
          <reporter-output>
          </reporter-output>
        </test-method> <!-- teardown -->
      </class> <!-- COM.IRCTC.TESTpackage.Scenario2 -->
      <class name="COM.IRCTC.TESTpackage.Scenario1">
        <test-method is-config="true" signature="setup()[pri:0, instance:COM.IRCTC.TESTpackage.Scenario1@69e1dd28]" started-at="2023-04-09T14:33:59 IST" name="setup" finished-at="2023-04-09T14:34:01 IST" duration-ms="1962" status="PASS">
          <reporter-output>
          </reporter-output>
        </test-method> <!-- setup -->
        <test-method signature="VerifyScenario1()[pri:0, instance:COM.IRCTC.TESTpackage.Scenario1@69e1dd28]" started-at="2023-04-09T14:34:01 IST" name="VerifyScenario1" finished-at="2023-04-09T14:34:25 IST" duration-ms="24805" status="PASS">
          <reporter-output>
          </reporter-output>
        </test-method> <!-- VerifyScenario1 -->
        <test-method is-config="true" signature="teardown()[pri:0, instance:COM.IRCTC.TESTpackage.Scenario1@69e1dd28]" started-at="2023-04-09T14:34:25 IST" name="teardown" finished-at="2023-04-09T14:34:26 IST" duration-ms="339" status="PASS">
          <reporter-output>
          </reporter-output>
        </test-method> <!-- teardown -->
      </class> <!-- COM.IRCTC.TESTpackage.Scenario1 -->
    </test> <!-- Test -->
  </suite> <!-- Suite -->
</testng-results>
